

Started GET "/" for 127.0.0.1 at 2014-12-10 10:50:48 -0800

ActiveRecord::NoDatabaseError (FATAL:  database "dbc_overflow_development" does not exist
Run `$ bin/rake db:create db:migrate` to create your database):
  activerecord (4.1.6) lib/active_record/connection_adapters/postgresql_adapter.rb:898:in `rescue in connect'
  activerecord (4.1.6) lib/active_record/connection_adapters/postgresql_adapter.rb:888:in `connect'
  activerecord (4.1.6) lib/active_record/connection_adapters/postgresql_adapter.rb:568:in `initialize'
  activerecord (4.1.6) lib/active_record/connection_adapters/postgresql_adapter.rb:41:in `new'
  activerecord (4.1.6) lib/active_record/connection_adapters/postgresql_adapter.rb:41:in `postgresql_connection'
  activerecord (4.1.6) lib/active_record/connection_adapters/abstract/connection_pool.rb:435:in `new_connection'
  activerecord (4.1.6) lib/active_record/connection_adapters/abstract/connection_pool.rb:445:in `checkout_new_connection'
  activerecord (4.1.6) lib/active_record/connection_adapters/abstract/connection_pool.rb:416:in `acquire_connection'
  activerecord (4.1.6) lib/active_record/connection_adapters/abstract/connection_pool.rb:351:in `block in checkout'
  /Users/Samantha/.rvm/rubies/ruby-2.0.0-p481/lib/ruby/2.0.0/monitor.rb:211:in `mon_synchronize'
  activerecord (4.1.6) lib/active_record/connection_adapters/abstract/connection_pool.rb:350:in `checkout'
  activerecord (4.1.6) lib/active_record/connection_adapters/abstract/connection_pool.rb:265:in `block in connection'
  /Users/Samantha/.rvm/rubies/ruby-2.0.0-p481/lib/ruby/2.0.0/monitor.rb:211:in `mon_synchronize'
  activerecord (4.1.6) lib/active_record/connection_adapters/abstract/connection_pool.rb:264:in `connection'
  activerecord (4.1.6) lib/active_record/connection_adapters/abstract/connection_pool.rb:541:in `retrieve_connection'
  activerecord (4.1.6) lib/active_record/connection_handling.rb:113:in `retrieve_connection'
  activerecord (4.1.6) lib/active_record/connection_handling.rb:87:in `connection'
  activerecord (4.1.6) lib/active_record/migration.rb:388:in `check_pending!'
  activerecord (4.1.6) lib/active_record/migration.rb:377:in `call'
  actionpack (4.1.6) lib/action_dispatch/middleware/callbacks.rb:29:in `block in call'
  activesupport (4.1.6) lib/active_support/callbacks.rb:82:in `run_callbacks'
  actionpack (4.1.6) lib/action_dispatch/middleware/callbacks.rb:27:in `call'
  actionpack (4.1.6) lib/action_dispatch/middleware/reloader.rb:73:in `call'
  actionpack (4.1.6) lib/action_dispatch/middleware/remote_ip.rb:76:in `call'
  actionpack (4.1.6) lib/action_dispatch/middleware/debug_exceptions.rb:17:in `call'
  actionpack (4.1.6) lib/action_dispatch/middleware/show_exceptions.rb:30:in `call'
  railties (4.1.6) lib/rails/rack/logger.rb:38:in `call_app'
  railties (4.1.6) lib/rails/rack/logger.rb:20:in `block in call'
  activesupport (4.1.6) lib/active_support/tagged_logging.rb:68:in `block in tagged'
  activesupport (4.1.6) lib/active_support/tagged_logging.rb:26:in `tagged'
  activesupport (4.1.6) lib/active_support/tagged_logging.rb:68:in `tagged'
  railties (4.1.6) lib/rails/rack/logger.rb:20:in `call'
  actionpack (4.1.6) lib/action_dispatch/middleware/request_id.rb:21:in `call'
  rack (1.5.2) lib/rack/methodoverride.rb:21:in `call'
  rack (1.5.2) lib/rack/runtime.rb:17:in `call'
  activesupport (4.1.6) lib/active_support/cache/strategy/local_cache_middleware.rb:26:in `call'
  rack (1.5.2) lib/rack/lock.rb:17:in `call'
  actionpack (4.1.6) lib/action_dispatch/middleware/static.rb:64:in `call'
  rack (1.5.2) lib/rack/sendfile.rb:112:in `call'
  railties (4.1.6) lib/rails/engine.rb:514:in `call'
  railties (4.1.6) lib/rails/application.rb:144:in `call'
  rack (1.5.2) lib/rack/lock.rb:17:in `call'
  rack (1.5.2) lib/rack/content_length.rb:14:in `call'
  rack (1.5.2) lib/rack/handler/webrick.rb:60:in `service'
  /Users/Samantha/.rvm/rubies/ruby-2.0.0-p481/lib/ruby/2.0.0/webrick/httpserver.rb:138:in `service'
  /Users/Samantha/.rvm/rubies/ruby-2.0.0-p481/lib/ruby/2.0.0/webrick/httpserver.rb:94:in `run'
  /Users/Samantha/.rvm/rubies/ruby-2.0.0-p481/lib/ruby/2.0.0/webrick/server.rb:295:in `block in start_thread'


  Rendered /Users/Samantha/.rvm/gems/ruby-2.0.0-p481/gems/actionpack-4.1.6/lib/action_dispatch/middleware/templates/rescues/_source.erb (0.5ms)
  Rendered /Users/Samantha/.rvm/gems/ruby-2.0.0-p481/gems/actionpack-4.1.6/lib/action_dispatch/middleware/templates/rescues/_trace.html.erb (1.0ms)
  Rendered /Users/Samantha/.rvm/gems/ruby-2.0.0-p481/gems/actionpack-4.1.6/lib/action_dispatch/middleware/templates/rescues/_request_and_response.html.erb (0.9ms)
  Rendered /Users/Samantha/.rvm/gems/ruby-2.0.0-p481/gems/actionpack-4.1.6/lib/action_dispatch/middleware/templates/rescues/diagnostics.erb within rescues/layout (17.3ms)
  [1m[36m (14.1ms)[0m  [1mCREATE TABLE "schema_migrations" ("version" character varying(255) NOT NULL) [0m
  [1m[35m (9.4ms)[0m  CREATE UNIQUE INDEX  "unique_schema_migrations" ON "schema_migrations"  ("version")
  [1m[36mActiveRecord::SchemaMigration Load (0.7ms)[0m  [1mSELECT "schema_migrations".* FROM "schema_migrations"[0m
Migrating to CreateQuestions (20141208202134)
  [1m[35m (0.2ms)[0m  BEGIN
  [1m[36m (27.5ms)[0m  [1mCREATE TABLE "questions" ("id" serial primary key, "title" character varying(255), "content" text, "created_at" timestamp, "updated_at" timestamp) [0m
  [1m[35mSQL (6.3ms)[0m  INSERT INTO "schema_migrations" ("version") VALUES ($1)  [["version", "20141208202134"]]
  [1m[36m (6.2ms)[0m  [1mCOMMIT[0m
Migrating to CreateAnswers (20141208202208)
  [1m[35m (6.4ms)[0m  BEGIN
  [1m[36m (4.8ms)[0m  [1mCREATE TABLE "answers" ("id" serial primary key, "title" character varying(255), "content" text, "question_id" integer, "created_at" timestamp, "updated_at" timestamp) [0m
  [1m[35mSQL (0.7ms)[0m  INSERT INTO "schema_migrations" ("version") VALUES ($1)  [["version", "20141208202208"]]
  [1m[36m (0.6ms)[0m  [1mCOMMIT[0m
Migrating to AddVoteCountToQuestions (20141209010902)
  [1m[35m (0.4ms)[0m  BEGIN
  [1m[36m (32.6ms)[0m  [1mALTER TABLE "questions" ADD COLUMN "vote_count" integer DEFAULT 0[0m
  [1m[35mSQL (0.2ms)[0m  INSERT INTO "schema_migrations" ("version") VALUES ($1)  [["version", "20141209010902"]]
  [1m[36m (1.7ms)[0m  [1mCOMMIT[0m
Migrating to AddVoteCountToAnswers (20141209011032)
  [1m[35m (0.3ms)[0m  BEGIN
  [1m[36m (3.6ms)[0m  [1mALTER TABLE "answers" ADD COLUMN "vote_count" integer DEFAULT 0[0m
  [1m[35mSQL (0.2ms)[0m  INSERT INTO "schema_migrations" ("version") VALUES ($1)  [["version", "20141209011032"]]
  [1m[36m (0.8ms)[0m  [1mCOMMIT[0m
Migrating to RemoveVoteCountColumnsFromQuestionsAndAnswers (20141209190030)
  [1m[35m (0.2ms)[0m  BEGIN
  [1m[36m (0.7ms)[0m  [1mALTER TABLE "questions" DROP "vote_count"[0m
  [1m[35m (0.3ms)[0m  ALTER TABLE "answers" DROP "vote_count"
  [1m[36mSQL (0.1ms)[0m  [1mINSERT INTO "schema_migrations" ("version") VALUES ($1)[0m  [["version", "20141209190030"]]
  [1m[35m (0.4ms)[0m  COMMIT
Migrating to CreateVotes (20141209190117)
  [1m[36m (0.1ms)[0m  [1mBEGIN[0m
  [1m[35m (1.8ms)[0m  CREATE TABLE "votes" ("id" serial primary key, "votable_id" integer, "votable_type" character varying(255), "created_at" timestamp, "updated_at" timestamp) 
  [1m[36mSQL (0.2ms)[0m  [1mINSERT INTO "schema_migrations" ("version") VALUES ($1)[0m  [["version", "20141209190117"]]
  [1m[35m (0.4ms)[0m  COMMIT
Migrating to AddColumnToVotes (20141209223027)
  [1m[36m (0.3ms)[0m  [1mBEGIN[0m
  [1m[35m (0.3ms)[0m  ALTER TABLE "votes" ADD COLUMN "upvote" boolean
  [1m[36mSQL (0.1ms)[0m  [1mINSERT INTO "schema_migrations" ("version") VALUES ($1)[0m  [["version", "20141209223027"]]
  [1m[35m (0.4ms)[0m  COMMIT
  [1m[36mActiveRecord::SchemaMigration Load (0.4ms)[0m  [1mSELECT "schema_migrations".* FROM "schema_migrations"[0m


Started GET "/" for 127.0.0.1 at 2014-12-10 10:52:00 -0800
  [1m[36mActiveRecord::SchemaMigration Load (0.4ms)[0m  [1mSELECT "schema_migrations".* FROM "schema_migrations"[0m
Processing by QuestionsController#index as HTML
  [1m[35mQuestion Load (0.8ms)[0m  SELECT  "questions".* FROM "questions"  WHERE "questions"."id" IS NULL LIMIT 1
  Rendered questions/_form.html.erb (26.3ms)
  [1m[36mQuestion Load (0.4ms)[0m  [1mSELECT "questions".* FROM "questions"[0m
  Rendered questions/index.html.erb within layouts/application (372.7ms)
Completed 200 OK in 1639ms (Views: 1525.1ms | ActiveRecord: 5.7ms)


Started GET "/assets/votes.css?body=1" for 127.0.0.1 at 2014-12-10 10:52:02 -0800


Started GET "/assets/questions.css?body=1" for 127.0.0.1 at 2014-12-10 10:52:02 -0800


Started GET "/assets/answers.css?body=1" for 127.0.0.1 at 2014-12-10 10:52:02 -0800


Started GET "/assets/application.css?body=1" for 127.0.0.1 at 2014-12-10 10:52:02 -0800


Started GET "/assets/answers.js?body=1" for 127.0.0.1 at 2014-12-10 10:52:02 -0800


Started GET "/assets/jquery.js?body=1" for 127.0.0.1 at 2014-12-10 10:52:02 -0800


Started GET "/assets/questions.js?body=1" for 127.0.0.1 at 2014-12-10 10:52:02 -0800


Started GET "/assets/jquery_ujs.js?body=1" for 127.0.0.1 at 2014-12-10 10:52:02 -0800


Started GET "/assets/turbolinks.js?body=1" for 127.0.0.1 at 2014-12-10 10:52:02 -0800


Started GET "/assets/votes.js?body=1" for 127.0.0.1 at 2014-12-10 10:52:02 -0800


Started GET "/assets/application.js?body=1" for 127.0.0.1 at 2014-12-10 10:52:02 -0800


Started GET "/" for 127.0.0.1 at 2014-12-10 10:56:54 -0800
Processing by QuestionsController#index as HTML
  [1m[35mQuestion Load (0.6ms)[0m  SELECT  "questions".* FROM "questions"  WHERE "questions"."id" IS NULL LIMIT 1
  Rendered questions/_form.html.erb (7.7ms)
  [1m[36mQuestion Load (0.3ms)[0m  [1mSELECT "questions".* FROM "questions"[0m
  Rendered questions/index.html.erb within layouts/application (349.2ms)
Completed 200 OK in 413ms (Views: 391.5ms | ActiveRecord: 5.0ms)


Started GET "/assets/answers.css?body=1" for 127.0.0.1 at 2014-12-10 10:56:55 -0800


Started GET "/assets/questions.css?body=1" for 127.0.0.1 at 2014-12-10 10:56:55 -0800


Started GET "/assets/jquery.js?body=1" for 127.0.0.1 at 2014-12-10 10:56:55 -0800


Started GET "/assets/jquery_ujs.js?body=1" for 127.0.0.1 at 2014-12-10 10:56:55 -0800


Started GET "/assets/votes.css?body=1" for 127.0.0.1 at 2014-12-10 10:56:55 -0800


Started GET "/assets/application.css?body=1" for 127.0.0.1 at 2014-12-10 10:56:55 -0800


Started GET "/assets/turbolinks.js?body=1" for 127.0.0.1 at 2014-12-10 10:56:55 -0800


Started GET "/assets/answers.js?body=1" for 127.0.0.1 at 2014-12-10 10:56:55 -0800


Started GET "/assets/questions.js?body=1" for 127.0.0.1 at 2014-12-10 10:56:55 -0800


Started GET "/assets/votes.js?body=1" for 127.0.0.1 at 2014-12-10 10:56:55 -0800


Started GET "/assets/application.js?body=1" for 127.0.0.1 at 2014-12-10 10:56:55 -0800


Started GET "/" for 127.0.0.1 at 2014-12-10 10:57:06 -0800
  [1m[36mActiveRecord::SchemaMigration Load (0.5ms)[0m  [1mSELECT "schema_migrations".* FROM "schema_migrations"[0m
Processing by QuestionsController#index as HTML
  [1m[35mQuestion Load (0.6ms)[0m  SELECT  "questions".* FROM "questions"  WHERE "questions"."id" IS NULL LIMIT 1
  Rendered questions/_form.html.erb (34.4ms)
  [1m[36mQuestion Load (0.5ms)[0m  [1mSELECT "questions".* FROM "questions"[0m
  Rendered questions/index.html.erb within layouts/application (864.2ms)
Completed 200 OK in 1096ms (Views: 1006.0ms | ActiveRecord: 4.7ms)


Started GET "/" for 127.0.0.1 at 2014-12-10 10:57:07 -0800
Processing by QuestionsController#index as HTML
  [1m[35mQuestion Load (0.4ms)[0m  SELECT  "questions".* FROM "questions"  WHERE "questions"."id" IS NULL LIMIT 1
  Rendered questions/_form.html.erb (2.0ms)
  [1m[36mQuestion Load (0.3ms)[0m  [1mSELECT "questions".* FROM "questions"[0m
  Rendered questions/index.html.erb within layouts/application (471.7ms)
Completed 200 OK in 572ms (Views: 569.1ms | ActiveRecord: 0.7ms)


Started GET "/assets/answers.css?body=1" for 127.0.0.1 at 2014-12-10 10:57:08 -0800


Started GET "/assets/application.css?body=1" for 127.0.0.1 at 2014-12-10 10:57:08 -0800


Started GET "/assets/jquery_ujs.js?body=1" for 127.0.0.1 at 2014-12-10 10:57:08 -0800


Started GET "/assets/votes.css?body=1" for 127.0.0.1 at 2014-12-10 10:57:08 -0800


Started GET "/assets/questions.css?body=1" for 127.0.0.1 at 2014-12-10 10:57:08 -0800


Started GET "/assets/jquery.js?body=1" for 127.0.0.1 at 2014-12-10 10:57:08 -0800


Started GET "/assets/turbolinks.js?body=1" for 127.0.0.1 at 2014-12-10 10:57:08 -0800


Started GET "/assets/answers.js?body=1" for 127.0.0.1 at 2014-12-10 10:57:08 -0800


Started GET "/assets/questions.js?body=1" for 127.0.0.1 at 2014-12-10 10:57:08 -0800


Started GET "/assets/votes.js?body=1" for 127.0.0.1 at 2014-12-10 10:57:08 -0800


Started GET "/assets/application.js?body=1" for 127.0.0.1 at 2014-12-10 10:57:08 -0800


Started GET "/" for 127.0.0.1 at 2014-12-10 10:57:23 -0800
  [1m[36mActiveRecord::SchemaMigration Load (0.4ms)[0m  [1mSELECT "schema_migrations".* FROM "schema_migrations"[0m
Processing by QuestionsController#index as HTML
  [1m[35mQuestion Load (0.6ms)[0m  SELECT  "questions".* FROM "questions"  WHERE "questions"."id" IS NULL LIMIT 1
  Rendered questions/_form.html.erb (13.4ms)
  [1m[36mQuestion Load (0.3ms)[0m  [1mSELECT "questions".* FROM "questions"[0m
  Rendered questions/index.html.erb within layouts/application (411.3ms)
Completed 200 OK in 620ms (Views: 530.6ms | ActiveRecord: 4.5ms)


Started GET "/assets/answers.css?body=1" for 127.0.0.1 at 2014-12-10 10:57:24 -0800


Started GET "/assets/votes.css?body=1" for 127.0.0.1 at 2014-12-10 10:57:24 -0800


Started GET "/assets/application.css?body=1" for 127.0.0.1 at 2014-12-10 10:57:24 -0800


Started GET "/assets/questions.css?body=1" for 127.0.0.1 at 2014-12-10 10:57:24 -0800


Started GET "/assets/jquery_ujs.js?body=1" for 127.0.0.1 at 2014-12-10 10:57:24 -0800


Started GET "/assets/jquery.js?body=1" for 127.0.0.1 at 2014-12-10 10:57:24 -0800


Started GET "/assets/turbolinks.js?body=1" for 127.0.0.1 at 2014-12-10 10:57:24 -0800


Started GET "/assets/answers.js?body=1" for 127.0.0.1 at 2014-12-10 10:57:24 -0800


Started GET "/assets/questions.js?body=1" for 127.0.0.1 at 2014-12-10 10:57:24 -0800


Started GET "/assets/votes.js?body=1" for 127.0.0.1 at 2014-12-10 10:57:24 -0800


Started GET "/assets/application.js?body=1" for 127.0.0.1 at 2014-12-10 10:57:24 -0800


Started GET "/" for 127.0.0.1 at 2014-12-10 10:57:24 -0800
Processing by QuestionsController#index as HTML
  [1m[35mQuestion Load (0.3ms)[0m  SELECT  "questions".* FROM "questions"  WHERE "questions"."id" IS NULL LIMIT 1
  Rendered questions/_form.html.erb (3.2ms)
  [1m[36mQuestion Load (0.5ms)[0m  [1mSELECT "questions".* FROM "questions"[0m
  Rendered questions/index.html.erb within layouts/application (482.5ms)
Completed 200 OK in 576ms (Views: 573.1ms | ActiveRecord: 0.8ms)


Started GET "/assets/answers.css?body=1" for 127.0.0.1 at 2014-12-10 10:57:25 -0800


Started GET "/assets/votes.css?body=1" for 127.0.0.1 at 2014-12-10 10:57:25 -0800


Started GET "/assets/application.css?body=1" for 127.0.0.1 at 2014-12-10 10:57:25 -0800


Started GET "/assets/jquery.js?body=1" for 127.0.0.1 at 2014-12-10 10:57:25 -0800


Started GET "/assets/questions.css?body=1" for 127.0.0.1 at 2014-12-10 10:57:25 -0800


Started GET "/assets/jquery_ujs.js?body=1" for 127.0.0.1 at 2014-12-10 10:57:25 -0800


Started GET "/assets/votes.js?body=1" for 127.0.0.1 at 2014-12-10 10:57:25 -0800


Started GET "/assets/turbolinks.js?body=1" for 127.0.0.1 at 2014-12-10 10:57:25 -0800


Started GET "/assets/application.js?body=1" for 127.0.0.1 at 2014-12-10 10:57:25 -0800


Started GET "/assets/questions.js?body=1" for 127.0.0.1 at 2014-12-10 10:57:25 -0800


Started GET "/assets/answers.js?body=1" for 127.0.0.1 at 2014-12-10 10:57:25 -0800


Started GET "/" for 127.0.0.1 at 2014-12-10 11:00:24 -0800
Processing by QuestionsController#index as HTML
  [1m[35mQuestion Load (0.4ms)[0m  SELECT  "questions".* FROM "questions"  WHERE "questions"."id" IS NULL LIMIT 1
  Rendered questions/_form.html.erb (3.5ms)
  [1m[36mQuestion Load (0.5ms)[0m  [1mSELECT "questions".* FROM "questions"[0m
  Rendered questions/index.html.erb within layouts/application (664.4ms)
Completed 200 OK in 714ms (Views: 710.7ms | ActiveRecord: 0.9ms)


Started GET "/assets/answers.css?body=1" for 127.0.0.1 at 2014-12-10 11:00:25 -0800


Started GET "/assets/votes.css?body=1" for 127.0.0.1 at 2014-12-10 11:00:25 -0800


Started GET "/assets/questions.css?body=1" for 127.0.0.1 at 2014-12-10 11:00:25 -0800


Started GET "/assets/application.css?body=1" for 127.0.0.1 at 2014-12-10 11:00:25 -0800


Started GET "/assets/jquery.js?body=1" for 127.0.0.1 at 2014-12-10 11:00:25 -0800


Started GET "/assets/turbolinks.js?body=1" for 127.0.0.1 at 2014-12-10 11:00:25 -0800


Started GET "/assets/jquery_ujs.js?body=1" for 127.0.0.1 at 2014-12-10 11:00:25 -0800


Started GET "/assets/answers.js?body=1" for 127.0.0.1 at 2014-12-10 11:00:25 -0800


Started GET "/assets/questions.js?body=1" for 127.0.0.1 at 2014-12-10 11:00:25 -0800


Started GET "/assets/votes.js?body=1" for 127.0.0.1 at 2014-12-10 11:00:25 -0800


Started GET "/assets/application.js?body=1" for 127.0.0.1 at 2014-12-10 11:00:25 -0800


Started POST "/questions" for 127.0.0.1 at 2014-12-10 11:00:29 -0800
Processing by QuestionsController#create as JS
  Parameters: {"utf8"=>"✓", "question"=>{"title"=>"dfghdhghdh", "content"=>"ddhgfdhdhg"}, "commit"=>"Create Question"}
  [1m[35m (0.1ms)[0m  BEGIN
  [1m[36mSQL (0.8ms)[0m  [1mINSERT INTO "questions" ("content", "created_at", "title", "updated_at") VALUES ($1, $2, $3, $4) RETURNING "id"[0m  [["content", "ddhgfdhdhg"], ["created_at", "2014-12-10 19:00:29.762414"], ["title", "dfghdhghdh"], ["updated_at", "2014-12-10 19:00:29.762414"]]
  [1m[35m (0.5ms)[0m  COMMIT
Redirected to http://localhost:3000/questions/1
Completed 302 Found in 10ms (ActiveRecord: 1.6ms)


Started GET "/questions/1" for 127.0.0.1 at 2014-12-10 11:00:29 -0800
Processing by QuestionsController#show as JS
  Parameters: {"id"=>"1"}
  [1m[36mQuestion Load (0.4ms)[0m  [1mSELECT  "questions".* FROM "questions"  WHERE "questions"."id" = 1 LIMIT 1[0m
  Rendered answers/_form.html.erb (3.3ms)
  [1m[35mAnswer Load (0.4ms)[0m  SELECT "answers".* FROM "answers"  WHERE "answers"."question_id" = $1  [["question_id", 1]]
  Rendered questions/show.html.erb within layouts/application (11.0ms)
Completed 200 OK in 123ms (Views: 119.6ms | ActiveRecord: 0.8ms)


Started POST "/questions" for 127.0.0.1 at 2014-12-10 11:00:32 -0800
Processing by QuestionsController#create as JS
  Parameters: {"utf8"=>"✓", "question"=>{"title"=>"dfghdhghdh", "content"=>"ddhgfdhdhg"}, "commit"=>"Create Question"}
  [1m[36m (0.1ms)[0m  [1mBEGIN[0m
  [1m[35mSQL (0.4ms)[0m  INSERT INTO "questions" ("content", "created_at", "title", "updated_at") VALUES ($1, $2, $3, $4) RETURNING "id"  [["content", "ddhgfdhdhg"], ["created_at", "2014-12-10 19:00:32.192339"], ["title", "dfghdhghdh"], ["updated_at", "2014-12-10 19:00:32.192339"]]
  [1m[36m (7.9ms)[0m  [1mCOMMIT[0m
Redirected to http://localhost:3000/questions/2
Completed 302 Found in 12ms (ActiveRecord: 8.5ms)


Started GET "/questions/2" for 127.0.0.1 at 2014-12-10 11:00:32 -0800
Processing by QuestionsController#show as JS
  Parameters: {"id"=>"2"}
  [1m[35mQuestion Load (0.4ms)[0m  SELECT  "questions".* FROM "questions"  WHERE "questions"."id" = 2 LIMIT 1
  Rendered answers/_form.html.erb (1.3ms)
  [1m[36mAnswer Load (0.3ms)[0m  [1mSELECT "answers".* FROM "answers"  WHERE "answers"."question_id" = $1[0m  [["question_id", 2]]
  Rendered questions/show.html.erb within layouts/application (5.6ms)
Completed 200 OK in 60ms (Views: 56.8ms | ActiveRecord: 0.6ms)


Started GET "/" for 127.0.0.1 at 2014-12-10 11:18:39 -0800
Processing by QuestionsController#index as HTML
  [1m[35mQuestion Load (0.3ms)[0m  SELECT  "questions".* FROM "questions"  WHERE "questions"."id" IS NULL LIMIT 1
  Rendered questions/_form.html.erb (3.0ms)
  [1m[36mQuestion Load (0.5ms)[0m  [1mSELECT "questions".* FROM "questions"[0m
  [1m[35m (6.6ms)[0m  SELECT COUNT(*) FROM "votes"  WHERE "votes"."votable_id" = $1 AND "votes"."votable_type" = $2 AND "votes"."upvote" = 't'  [["votable_id", 1], ["votable_type", "Question"]]
  [1m[36m (0.3ms)[0m  [1mSELECT COUNT(*) FROM "votes"  WHERE "votes"."votable_id" = $1 AND "votes"."votable_type" = $2 AND "votes"."upvote" = 'f'[0m  [["votable_id", 1], ["votable_type", "Question"]]
  [1m[35m (0.3ms)[0m  SELECT COUNT(*) FROM "votes"  WHERE "votes"."votable_id" = $1 AND "votes"."votable_type" = $2 AND "votes"."upvote" = 't'  [["votable_id", 2], ["votable_type", "Question"]]
  [1m[36m (0.2ms)[0m  [1mSELECT COUNT(*) FROM "votes"  WHERE "votes"."votable_id" = $1 AND "votes"."votable_type" = $2 AND "votes"."upvote" = 'f'[0m  [["votable_id", 2], ["votable_type", "Question"]]
  Rendered questions/index.html.erb within layouts/application (423.4ms)
Completed 500 Internal Server Error in 771ms

ActionView::Template::Error (SyntaxError: [stdin]:2:19: reserved word "function"
  (in /Users/Samantha/Desktop/phase-3/fake-stack-overflow/rails-stack-overflow/app/assets/javascripts/questions.js.coffee)):
    3: <head>
    4:   <title>DbcOverflow</title>
    5:   <%= stylesheet_link_tag    'application', media: 'all', 'data-turbolinks-track' => true %>
    6:   <%= javascript_include_tag 'application', 'data-turbolinks-track' => true %>
    7:   <%= csrf_meta_tags %>
    8: </head>
    9: <body>
  app/views/layouts/application.html.erb:6:in `_app_views_layouts_application_html_erb___2948240023871255604_70195099392980'


  Rendered /Users/Samantha/.rvm/gems/ruby-2.0.0-p481/gems/actionpack-4.1.6/lib/action_dispatch/middleware/templates/rescues/_trace.html.erb (1.7ms)
  Rendered /Users/Samantha/.rvm/gems/ruby-2.0.0-p481/gems/actionpack-4.1.6/lib/action_dispatch/middleware/templates/rescues/_request_and_response.html.erb (1.7ms)
  Rendered /Users/Samantha/.rvm/gems/ruby-2.0.0-p481/gems/actionpack-4.1.6/lib/action_dispatch/middleware/templates/rescues/template_error.html.erb within rescues/layout (16.0ms)


Started GET "/" for 127.0.0.1 at 2014-12-10 11:19:41 -0800
Processing by QuestionsController#index as HTML
  [1m[35mQuestion Load (0.4ms)[0m  SELECT  "questions".* FROM "questions"  WHERE "questions"."id" IS NULL LIMIT 1
  Rendered questions/_form.html.erb (2.9ms)
  [1m[36mQuestion Load (0.5ms)[0m  [1mSELECT "questions".* FROM "questions"[0m
  [1m[35m (0.3ms)[0m  SELECT COUNT(*) FROM "votes"  WHERE "votes"."votable_id" = $1 AND "votes"."votable_type" = $2 AND "votes"."upvote" = 't'  [["votable_id", 1], ["votable_type", "Question"]]
  [1m[36m (0.4ms)[0m  [1mSELECT COUNT(*) FROM "votes"  WHERE "votes"."votable_id" = $1 AND "votes"."votable_type" = $2 AND "votes"."upvote" = 'f'[0m  [["votable_id", 1], ["votable_type", "Question"]]
  [1m[35m (0.2ms)[0m  SELECT COUNT(*) FROM "votes"  WHERE "votes"."votable_id" = $1 AND "votes"."votable_type" = $2 AND "votes"."upvote" = 't'  [["votable_id", 2], ["votable_type", "Question"]]
  [1m[36m (0.2ms)[0m  [1mSELECT COUNT(*) FROM "votes"  WHERE "votes"."votable_id" = $1 AND "votes"."votable_type" = $2 AND "votes"."upvote" = 'f'[0m  [["votable_id", 2], ["votable_type", "Question"]]
  Rendered questions/index.html.erb within layouts/application (790.6ms)
Completed 500 Internal Server Error in 1027ms

ActionView::Template::Error (SyntaxError: [stdin]:2:19: reserved word "function"
  (in /Users/Samantha/Desktop/phase-3/fake-stack-overflow/rails-stack-overflow/app/assets/javascripts/questions.js.coffee)):
    3: <head>
    4:   <title>DbcOverflow</title>
    5:   <%= stylesheet_link_tag    'application', media: 'all', 'data-turbolinks-track' => true %>
    6:   <%= javascript_include_tag 'application' %>
    7:   <%= csrf_meta_tags %>
    8: </head>
    9: <body>
  app/views/layouts/application.html.erb:6:in `_app_views_layouts_application_html_erb___2948240023871255604_70195131403080'


  Rendered /Users/Samantha/.rvm/gems/ruby-2.0.0-p481/gems/actionpack-4.1.6/lib/action_dispatch/middleware/templates/rescues/_trace.html.erb (1.7ms)
  Rendered /Users/Samantha/.rvm/gems/ruby-2.0.0-p481/gems/actionpack-4.1.6/lib/action_dispatch/middleware/templates/rescues/_request_and_response.html.erb (0.9ms)
  Rendered /Users/Samantha/.rvm/gems/ruby-2.0.0-p481/gems/actionpack-4.1.6/lib/action_dispatch/middleware/templates/rescues/template_error.html.erb within rescues/layout (15.5ms)


Started GET "/" for 127.0.0.1 at 2014-12-10 11:19:43 -0800
Processing by QuestionsController#index as HTML
  [1m[35mQuestion Load (0.4ms)[0m  SELECT  "questions".* FROM "questions"  WHERE "questions"."id" IS NULL LIMIT 1
  Rendered questions/_form.html.erb (3.1ms)
  [1m[36mQuestion Load (0.4ms)[0m  [1mSELECT "questions".* FROM "questions"[0m
  [1m[35m (0.3ms)[0m  SELECT COUNT(*) FROM "votes"  WHERE "votes"."votable_id" = $1 AND "votes"."votable_type" = $2 AND "votes"."upvote" = 't'  [["votable_id", 1], ["votable_type", "Question"]]
  [1m[36m (0.2ms)[0m  [1mSELECT COUNT(*) FROM "votes"  WHERE "votes"."votable_id" = $1 AND "votes"."votable_type" = $2 AND "votes"."upvote" = 'f'[0m  [["votable_id", 1], ["votable_type", "Question"]]
  [1m[35m (0.2ms)[0m  SELECT COUNT(*) FROM "votes"  WHERE "votes"."votable_id" = $1 AND "votes"."votable_type" = $2 AND "votes"."upvote" = 't'  [["votable_id", 2], ["votable_type", "Question"]]
  [1m[36m (0.3ms)[0m  [1mSELECT COUNT(*) FROM "votes"  WHERE "votes"."votable_id" = $1 AND "votes"."votable_type" = $2 AND "votes"."upvote" = 'f'[0m  [["votable_id", 2], ["votable_type", "Question"]]
  Rendered questions/index.html.erb within layouts/application (389.8ms)
Completed 500 Internal Server Error in 613ms

ActionView::Template::Error (SyntaxError: [stdin]:2:19: reserved word "function"
  (in /Users/Samantha/Desktop/phase-3/fake-stack-overflow/rails-stack-overflow/app/assets/javascripts/questions.js.coffee)):
    3: <head>
    4:   <title>DbcOverflow</title>
    5:   <%= stylesheet_link_tag    'application', media: 'all', 'data-turbolinks-track' => true %>
    6:   <%= javascript_include_tag 'application' %>
    7:   <%= csrf_meta_tags %>
    8: </head>
    9: <body>
  app/views/layouts/application.html.erb:6:in `_app_views_layouts_application_html_erb___2948240023871255604_70195131403080'


  Rendered /Users/Samantha/.rvm/gems/ruby-2.0.0-p481/gems/actionpack-4.1.6/lib/action_dispatch/middleware/templates/rescues/_trace.html.erb (1.8ms)
  Rendered /Users/Samantha/.rvm/gems/ruby-2.0.0-p481/gems/actionpack-4.1.6/lib/action_dispatch/middleware/templates/rescues/_request_and_response.html.erb (0.9ms)
  Rendered /Users/Samantha/.rvm/gems/ruby-2.0.0-p481/gems/actionpack-4.1.6/lib/action_dispatch/middleware/templates/rescues/template_error.html.erb within rescues/layout (11.7ms)


Started GET "/" for 127.0.0.1 at 2014-12-10 11:22:17 -0800
  [1m[36mActiveRecord::SchemaMigration Load (0.5ms)[0m  [1mSELECT "schema_migrations".* FROM "schema_migrations"[0m
Processing by QuestionsController#index as HTML
  [1m[35mQuestion Load (0.7ms)[0m  SELECT  "questions".* FROM "questions"  WHERE "questions"."id" IS NULL LIMIT 1
  Rendered questions/_form.html.erb (27.9ms)
  [1m[36mQuestion Load (0.8ms)[0m  [1mSELECT "questions".* FROM "questions"[0m
  [1m[35m (0.4ms)[0m  SELECT COUNT(*) FROM "votes"  WHERE "votes"."votable_id" = $1 AND "votes"."votable_type" = $2 AND "votes"."upvote" = 't'  [["votable_id", 1], ["votable_type", "Question"]]
  [1m[36m (0.2ms)[0m  [1mSELECT COUNT(*) FROM "votes"  WHERE "votes"."votable_id" = $1 AND "votes"."votable_type" = $2 AND "votes"."upvote" = 'f'[0m  [["votable_id", 1], ["votable_type", "Question"]]
  [1m[35m (0.2ms)[0m  SELECT COUNT(*) FROM "votes"  WHERE "votes"."votable_id" = $1 AND "votes"."votable_type" = $2 AND "votes"."upvote" = 't'  [["votable_id", 2], ["votable_type", "Question"]]
  [1m[36m (0.2ms)[0m  [1mSELECT COUNT(*) FROM "votes"  WHERE "votes"."votable_id" = $1 AND "votes"."votable_type" = $2 AND "votes"."upvote" = 'f'[0m  [["votable_id", 2], ["votable_type", "Question"]]
  Rendered questions/index.html.erb within layouts/application (502.7ms)
Completed 200 OK in 792ms (Views: 677.1ms | ActiveRecord: 8.1ms)


Started GET "/assets/answers.css?body=1" for 127.0.0.1 at 2014-12-10 11:22:18 -0800


Started GET "/assets/questions.css?body=1" for 127.0.0.1 at 2014-12-10 11:22:18 -0800


Started GET "/assets/application.css?body=1" for 127.0.0.1 at 2014-12-10 11:22:18 -0800


Started GET "/assets/turbolinks.js?body=1" for 127.0.0.1 at 2014-12-10 11:22:18 -0800


Started GET "/assets/votes.css?body=1" for 127.0.0.1 at 2014-12-10 11:22:18 -0800


Started GET "/assets/jquery_ujs.js?body=1" for 127.0.0.1 at 2014-12-10 11:22:18 -0800


Started GET "/assets/jquery.js?body=1" for 127.0.0.1 at 2014-12-10 11:22:18 -0800


Started GET "/assets/answers.js?body=1" for 127.0.0.1 at 2014-12-10 11:22:18 -0800


Started GET "/assets/questions.js?body=1" for 127.0.0.1 at 2014-12-10 11:22:18 -0800


Started GET "/assets/votes.js?body=1" for 127.0.0.1 at 2014-12-10 11:22:18 -0800


Started GET "/assets/application.js?body=1" for 127.0.0.1 at 2014-12-10 11:22:18 -0800


Started GET "/" for 127.0.0.1 at 2014-12-10 11:42:07 -0800
  [1m[36mActiveRecord::SchemaMigration Load (0.7ms)[0m  [1mSELECT "schema_migrations".* FROM "schema_migrations"[0m
Processing by QuestionsController#index as HTML
  [1m[35mQuestion Load (0.6ms)[0m  SELECT  "questions".* FROM "questions"  WHERE "questions"."id" IS NULL LIMIT 1
  Rendered questions/_form.html.erb (1.1ms)
  Rendered questions/index.html.erb within layouts/application (403.5ms)
Completed 500 Internal Server Error in 520ms

SyntaxError (/Users/Samantha/Desktop/phase-3/fake-stack-overflow/rails-stack-overflow/app/views/questions/_form.html.erb:2: syntax error, unexpected ',', expecting ')'
...r.append=  form_for (@question, remote: true) do |f| @output...
...                               ^
/Users/Samantha/Desktop/phase-3/fake-stack-overflow/rails-stack-overflow/app/views/questions/_form.html.erb:14: syntax error, unexpected keyword_ensure, expecting end-of-input):
  app/views/questions/_form.html.erb:2: syntax error, unexpected ',', expecting ')'
  app/views/questions/_form.html.erb:14: syntax error, unexpected keyword_ensure, expecting end-of-input
  app/views/questions/index.html.erb:5:in `_app_views_questions_index_html_erb__1341247464345392734_70349577318820'


  Rendered /Users/Samantha/.rvm/gems/ruby-2.0.0-p481/gems/actionpack-4.1.6/lib/action_dispatch/middleware/templates/rescues/_source.erb (1.2ms)
  Rendered /Users/Samantha/.rvm/gems/ruby-2.0.0-p481/gems/actionpack-4.1.6/lib/action_dispatch/middleware/templates/rescues/_trace.html.erb (1.8ms)
  Rendered /Users/Samantha/.rvm/gems/ruby-2.0.0-p481/gems/actionpack-4.1.6/lib/action_dispatch/middleware/templates/rescues/_request_and_response.html.erb (1.4ms)
  Rendered /Users/Samantha/.rvm/gems/ruby-2.0.0-p481/gems/actionpack-4.1.6/lib/action_dispatch/middleware/templates/rescues/diagnostics.erb within rescues/layout (23.6ms)


Started GET "/" for 127.0.0.1 at 2014-12-10 11:43:00 -0800
Processing by QuestionsController#index as HTML
  [1m[36mQuestion Load (0.4ms)[0m  [1mSELECT  "questions".* FROM "questions"  WHERE "questions"."id" IS NULL LIMIT 1[0m
  Rendered questions/_form.html.erb (29.0ms)
  [1m[35mQuestion Load (0.4ms)[0m  SELECT "questions".* FROM "questions"
  [1m[36m (0.4ms)[0m  [1mSELECT COUNT(*) FROM "votes"  WHERE "votes"."votable_id" = $1 AND "votes"."votable_type" = $2 AND "votes"."upvote" = 't'[0m  [["votable_id", 1], ["votable_type", "Question"]]
  [1m[35m (0.2ms)[0m  SELECT COUNT(*) FROM "votes"  WHERE "votes"."votable_id" = $1 AND "votes"."votable_type" = $2 AND "votes"."upvote" = 'f'  [["votable_id", 1], ["votable_type", "Question"]]
  [1m[36m (0.3ms)[0m  [1mSELECT COUNT(*) FROM "votes"  WHERE "votes"."votable_id" = $1 AND "votes"."votable_type" = $2 AND "votes"."upvote" = 't'[0m  [["votable_id", 2], ["votable_type", "Question"]]
  [1m[35m (0.3ms)[0m  SELECT COUNT(*) FROM "votes"  WHERE "votes"."votable_id" = $1 AND "votes"."votable_type" = $2 AND "votes"."upvote" = 'f'  [["votable_id", 2], ["votable_type", "Question"]]
  Rendered questions/_question.html.erb (20.5ms)
  Rendered questions/index.html.erb within layouts/application (755.5ms)
Completed 200 OK in 976ms (Views: 968.2ms | ActiveRecord: 4.8ms)


Started GET "/assets/answers.css?body=1" for 127.0.0.1 at 2014-12-10 11:43:01 -0800


Started GET "/assets/questions.css?body=1" for 127.0.0.1 at 2014-12-10 11:43:01 -0800


Started GET "/assets/application.css?body=1" for 127.0.0.1 at 2014-12-10 11:43:01 -0800


Started GET "/assets/votes.css?body=1" for 127.0.0.1 at 2014-12-10 11:43:01 -0800


Started GET "/assets/jquery_ujs.js?body=1" for 127.0.0.1 at 2014-12-10 11:43:01 -0800


Started GET "/assets/jquery.js?body=1" for 127.0.0.1 at 2014-12-10 11:43:01 -0800


Started GET "/assets/turbolinks.js?body=1" for 127.0.0.1 at 2014-12-10 11:43:01 -0800


Started GET "/assets/answers.js?body=1" for 127.0.0.1 at 2014-12-10 11:43:01 -0800


Started GET "/assets/questions.js?body=1" for 127.0.0.1 at 2014-12-10 11:43:01 -0800


Started GET "/assets/votes.js?body=1" for 127.0.0.1 at 2014-12-10 11:43:01 -0800


Started GET "/assets/application.js?body=1" for 127.0.0.1 at 2014-12-10 11:43:01 -0800


Started POST "/questions" for 127.0.0.1 at 2014-12-10 11:43:11 -0800
Processing by QuestionsController#create as JS
  Parameters: {"utf8"=>"✓", "question"=>{"title"=>"sddsf", "content"=>"sdfdsf"}, "commit"=>"Create Question"}
  [1m[36m (0.2ms)[0m  [1mBEGIN[0m
  [1m[35mSQL (0.3ms)[0m  INSERT INTO "questions" ("content", "created_at", "title", "updated_at") VALUES ($1, $2, $3, $4) RETURNING "id"  [["content", "sdfdsf"], ["created_at", "2014-12-10 19:43:11.409947"], ["title", "sddsf"], ["updated_at", "2014-12-10 19:43:11.409947"]]
  [1m[36m (12.2ms)[0m  [1mCOMMIT[0m
Redirected to http://localhost:3000/questions/3
Completed 302 Found in 18ms (ActiveRecord: 12.8ms)


Started GET "/questions/3" for 127.0.0.1 at 2014-12-10 11:43:11 -0800
Processing by QuestionsController#show as JS
  Parameters: {"id"=>"3"}
  [1m[35mQuestion Load (0.4ms)[0m  SELECT  "questions".* FROM "questions"  WHERE "questions"."id" = 3 LIMIT 1
  Rendered answers/_form.html.erb (4.8ms)
  [1m[36mAnswer Load (0.3ms)[0m  [1mSELECT "answers".* FROM "answers"  WHERE "answers"."question_id" = $1[0m  [["question_id", 3]]
  Rendered questions/show.html.erb within layouts/application (13.2ms)
Completed 200 OK in 68ms (Views: 64.9ms | ActiveRecord: 0.8ms)


Started GET "/" for 127.0.0.1 at 2014-12-10 11:44:06 -0800
Processing by QuestionsController#index as HTML
  [1m[35mQuestion Load (0.4ms)[0m  SELECT  "questions".* FROM "questions"  WHERE "questions"."id" IS NULL LIMIT 1
  Rendered questions/_form.html.erb (3.2ms)
  [1m[36mQuestion Load (0.5ms)[0m  [1mSELECT "questions".* FROM "questions"[0m
  [1m[35m (0.3ms)[0m  SELECT COUNT(*) FROM "votes"  WHERE "votes"."votable_id" = $1 AND "votes"."votable_type" = $2 AND "votes"."upvote" = 't'  [["votable_id", 1], ["votable_type", "Question"]]
  [1m[36m (0.2ms)[0m  [1mSELECT COUNT(*) FROM "votes"  WHERE "votes"."votable_id" = $1 AND "votes"."votable_type" = $2 AND "votes"."upvote" = 'f'[0m  [["votable_id", 1], ["votable_type", "Question"]]
  [1m[35m (0.2ms)[0m  SELECT COUNT(*) FROM "votes"  WHERE "votes"."votable_id" = $1 AND "votes"."votable_type" = $2 AND "votes"."upvote" = 't'  [["votable_id", 2], ["votable_type", "Question"]]
  [1m[36m (0.2ms)[0m  [1mSELECT COUNT(*) FROM "votes"  WHERE "votes"."votable_id" = $1 AND "votes"."votable_type" = $2 AND "votes"."upvote" = 'f'[0m  [["votable_id", 2], ["votable_type", "Question"]]
  [1m[35m (0.2ms)[0m  SELECT COUNT(*) FROM "votes"  WHERE "votes"."votable_id" = $1 AND "votes"."votable_type" = $2 AND "votes"."upvote" = 't'  [["votable_id", 3], ["votable_type", "Question"]]
  [1m[36m (0.2ms)[0m  [1mSELECT COUNT(*) FROM "votes"  WHERE "votes"."votable_id" = $1 AND "votes"."votable_type" = $2 AND "votes"."upvote" = 'f'[0m  [["votable_id", 3], ["votable_type", "Question"]]
  Rendered questions/_question.html.erb (8.5ms)
  Rendered questions/index.html.erb within layouts/application (577.9ms)
Completed 200 OK in 678ms (Views: 672.8ms | ActiveRecord: 2.3ms)


Started GET "/assets/answers.css?body=1" for 127.0.0.1 at 2014-12-10 11:44:06 -0800


Started GET "/assets/votes.css?body=1" for 127.0.0.1 at 2014-12-10 11:44:06 -0800


Started GET "/assets/jquery.js?body=1" for 127.0.0.1 at 2014-12-10 11:44:06 -0800


Started GET "/assets/questions.css?body=1" for 127.0.0.1 at 2014-12-10 11:44:06 -0800


Started GET "/assets/jquery_ujs.js?body=1" for 127.0.0.1 at 2014-12-10 11:44:06 -0800


Started GET "/assets/application.css?body=1" for 127.0.0.1 at 2014-12-10 11:44:06 -0800


Started GET "/assets/turbolinks.js?body=1" for 127.0.0.1 at 2014-12-10 11:44:06 -0800


Started GET "/assets/answers.js?body=1" for 127.0.0.1 at 2014-12-10 11:44:06 -0800


Started GET "/assets/questions.js?body=1" for 127.0.0.1 at 2014-12-10 11:44:06 -0800


Started GET "/assets/votes.js?body=1" for 127.0.0.1 at 2014-12-10 11:44:06 -0800


Started GET "/assets/application.js?body=1" for 127.0.0.1 at 2014-12-10 11:44:06 -0800


Started POST "/questions" for 127.0.0.1 at 2014-12-10 11:44:10 -0800
Processing by QuestionsController#create as HTML
  Parameters: {"utf8"=>"✓", "authenticity_token"=>"Et3vXluFDgU1GP2BMFjSHtG84ulgmMOxbL7Ew/0aPi0=", "question"=>{"title"=>"sdfsdf", "content"=>"sdfsdf"}, "commit"=>"Create Question"}
  [1m[35m (0.2ms)[0m  BEGIN
  [1m[36mSQL (0.3ms)[0m  [1mINSERT INTO "questions" ("content", "created_at", "title", "updated_at") VALUES ($1, $2, $3, $4) RETURNING "id"[0m  [["content", "sdfsdf"], ["created_at", "2014-12-10 19:44:10.609102"], ["title", "sdfsdf"], ["updated_at", "2014-12-10 19:44:10.609102"]]
  [1m[35m (7.9ms)[0m  COMMIT
Redirected to http://localhost:3000/questions/4
Completed 302 Found in 14ms (ActiveRecord: 8.3ms)


Started GET "/questions/4" for 127.0.0.1 at 2014-12-10 11:44:10 -0800
Processing by QuestionsController#show as HTML
  Parameters: {"id"=>"4"}
  [1m[36mQuestion Load (0.4ms)[0m  [1mSELECT  "questions".* FROM "questions"  WHERE "questions"."id" = 4 LIMIT 1[0m
  Rendered answers/_form.html.erb (2.3ms)
  [1m[35mAnswer Load (0.3ms)[0m  SELECT "answers".* FROM "answers"  WHERE "answers"."question_id" = $1  [["question_id", 4]]
  Rendered questions/show.html.erb within layouts/application (6.0ms)
Completed 200 OK in 53ms (Views: 50.0ms | ActiveRecord: 0.7ms)


Started GET "/assets/answers.css?body=1" for 127.0.0.1 at 2014-12-10 11:44:10 -0800


Started GET "/assets/questions.css?body=1" for 127.0.0.1 at 2014-12-10 11:44:10 -0800


Started GET "/assets/votes.css?body=1" for 127.0.0.1 at 2014-12-10 11:44:10 -0800


Started GET "/assets/application.css?body=1" for 127.0.0.1 at 2014-12-10 11:44:10 -0800


Started GET "/assets/jquery.js?body=1" for 127.0.0.1 at 2014-12-10 11:44:10 -0800


Started GET "/assets/questions.js?body=1" for 127.0.0.1 at 2014-12-10 11:44:10 -0800


Started GET "/assets/votes.js?body=1" for 127.0.0.1 at 2014-12-10 11:44:10 -0800


Started GET "/assets/turbolinks.js?body=1" for 127.0.0.1 at 2014-12-10 11:44:10 -0800


Started GET "/assets/application.js?body=1" for 127.0.0.1 at 2014-12-10 11:44:10 -0800


Started GET "/assets/jquery_ujs.js?body=1" for 127.0.0.1 at 2014-12-10 11:44:10 -0800


Started GET "/assets/answers.js?body=1" for 127.0.0.1 at 2014-12-10 11:44:10 -0800
